\BOOKMARK [1][-]{section.1}{其它}{}% 1
\BOOKMARK [2][-]{subsection.1.1}{c++中处理2进制的一些函数.cpp}{section.1}% 2
\BOOKMARK [2][-]{subsection.1.2}{IO}{section.1}% 3
\BOOKMARK [3][-]{subsubsection.1.2.1}{fread.cpp}{subsection.1.2}% 4
\BOOKMARK [3][-]{subsubsection.1.2.2}{fread2.cpp}{subsection.1.2}% 5
\BOOKMARK [3][-]{subsubsection.1.2.3}{保留小数.cpp}{subsection.1.2}% 6
\BOOKMARK [3][-]{subsubsection.1.2.4}{读取整数.cpp}{subsection.1.2}% 7
\BOOKMARK [2][-]{subsection.1.3}{测量程序的运行时间.cpp}{section.1}% 8
\BOOKMARK [2][-]{subsection.1.4}{转化成二进制.cpp}{section.1}% 9
\BOOKMARK [1][-]{section.2}{几何}{}% 10
\BOOKMARK [2][-]{subsection.2.1}{2D}{section.2}% 11
\BOOKMARK [3][-]{subsubsection.2.1.1}{8 旋转卡壳.cpp}{subsection.2.1}% 12
\BOOKMARK [3][-]{subsubsection.2.1.2}{PSLG.cpp}{subsection.2.1}% 13
\BOOKMARK [3][-]{subsubsection.2.1.3}{二维几何模板.cpp}{subsection.2.1}% 14
\BOOKMARK [3][-]{subsubsection.2.1.4}{二维凸包.cpp}{subsection.2.1}% 15
\BOOKMARK [3][-]{subsubsection.2.1.5}{判断点是否在多边形内.cpp}{subsection.2.1}% 16
\BOOKMARK [3][-]{subsubsection.2.1.6}{圆与多边形相交的面积.cpp}{subsection.2.1}% 17
\BOOKMARK [3][-]{subsubsection.2.1.7}{求圆与直线的交点.cpp}{subsection.2.1}% 18
\BOOKMARK [2][-]{subsection.2.2}{3D}{section.2}% 19
\BOOKMARK [3][-]{subsubsection.2.2.1}{三维几何的基本操作.cpp}{subsection.2.2}% 20
\BOOKMARK [3][-]{subsubsection.2.2.2}{三维几何的模版.cpp}{subsection.2.2}% 21
\BOOKMARK [3][-]{subsubsection.2.2.3}{三维凸包.cpp}{subsection.2.2}% 22
\BOOKMARK [3][-]{subsubsection.2.2.4}{维度转换为三维坐标.cpp}{subsection.2.2}% 23
\BOOKMARK [1][-]{section.3}{动态规划}{}% 24
\BOOKMARK [2][-]{subsection.3.1}{1 单调队列.cpp}{section.3}% 25
\BOOKMARK [2][-]{subsection.3.2}{1 最长上升子序列.cpp}{section.3}% 26
\BOOKMARK [2][-]{subsection.3.3}{string\040dp}{section.3}% 27
\BOOKMARK [3][-]{subsubsection.3.3.1}{trie+dp.cpp}{subsection.3.3}% 28
\BOOKMARK [2][-]{subsection.3.4}{zhuangyadp}{section.3}% 29
\BOOKMARK [3][-]{subsubsection.3.4.1}{1 多米诺骨牌覆盖.cpp}{subsection.3.4}% 30
\BOOKMARK [2][-]{subsection.3.5}{树上的分治}{section.3}% 31
\BOOKMARK [3][-]{subsubsection.3.5.1}{1 树的重心.cpp}{subsection.3.5}% 32
\BOOKMARK [1][-]{section.4}{图论}{}% 33
\BOOKMARK [2][-]{subsection.4.1}{DFS}{section.4}% 34
\BOOKMARK [3][-]{subsubsection.4.1.1}{1.无向图的割点和桥.cpp}{subsection.4.1}% 35
\BOOKMARK [3][-]{subsubsection.4.1.2}{2.无向图的双连通分量.cpp}{subsection.4.1}% 36
\BOOKMARK [3][-]{subsubsection.4.1.3}{3有向图的强联通分量.cpp}{subsection.4.1}% 37
\BOOKMARK [3][-]{subsubsection.4.1.4}{4 2-sat 问题.cpp}{subsection.4.1}% 38
\BOOKMARK [2][-]{subsection.4.2}{LCA}{section.4}% 39
\BOOKMARK [3][-]{subsubsection.4.2.1}{1\040DFS+RMQ.cpp}{subsection.4.2}% 40
\BOOKMARK [3][-]{subsubsection.4.2.2}{2倍增算法.cpp}{subsection.4.2}% 41
\BOOKMARK [2][-]{subsection.4.3}{Maxflow}{section.4}% 42
\BOOKMARK [3][-]{subsubsection.4.3.1}{1\040Dinic.cpp}{subsection.4.3}% 43
\BOOKMARK [3][-]{subsubsection.4.3.2}{2\040ISAP.cpp}{subsection.4.3}% 44
\BOOKMARK [3][-]{subsubsection.4.3.3}{3\040MCMF.cpp}{subsection.4.3}% 45
\BOOKMARK [2][-]{subsection.4.4}{二分图}{section.4}% 46
\BOOKMARK [3][-]{subsubsection.4.4.1}{1 匈牙利算法.cpp}{subsection.4.4}% 47
\BOOKMARK [3][-]{subsubsection.4.4.2}{2\040KM.cpp}{subsection.4.4}% 48
\BOOKMARK [3][-]{subsubsection.4.4.3}{3 一般图最大匹配.cpp}{subsection.4.4}% 49
\BOOKMARK [2][-]{subsection.4.5}{最小生成树}{section.4}% 50
\BOOKMARK [3][-]{subsubsection.4.5.1}{1 Krustral 卡鲁斯卡尔算法.cpp}{subsection.4.5}% 51
\BOOKMARK [3][-]{subsubsection.4.5.2}{2 prim 算法.cpp}{subsection.4.5}% 52
\BOOKMARK [3][-]{subsubsection.4.5.3}{3 最小限制生成树.cpp}{subsection.4.5}% 53
\BOOKMARK [3][-]{subsubsection.4.5.4}{4 次小生成树.cpp}{subsection.4.5}% 54
\BOOKMARK [2][-]{subsection.4.6}{最短路}{section.4}% 55
\BOOKMARK [3][-]{subsubsection.4.6.1}{1\040Dijkstra.cpp}{subsection.4.6}% 56
\BOOKMARK [3][-]{subsubsection.4.6.2}{2\040Bellman-ford.cpp}{subsection.4.6}% 57
\BOOKMARK [3][-]{subsubsection.4.6.3}{3\040floyed.cpp}{subsection.4.6}% 58
\BOOKMARK [3][-]{subsubsection.4.6.4}{堆优化的有限队列.cpp}{subsection.4.6}% 59
\BOOKMARK [1][-]{section.5}{数学}{}% 60
\BOOKMARK [2][-]{subsection.5.1}{3 FWT模板.cpp}{section.5}% 61
\BOOKMARK [2][-]{subsection.5.2}{4 单纯形法.cpp}{section.5}% 62
\BOOKMARK [2][-]{subsection.5.3}{5.线性基.cpp}{section.5}% 63
\BOOKMARK [2][-]{subsection.5.4}{BM.cpp}{section.5}% 64
\BOOKMARK [2][-]{subsection.5.5}{Combinatorial\040mathematics}{section.5}% 65
\BOOKMARK [3][-]{subsubsection.5.5.1}{康托展开.cpp}{subsection.5.5}% 66
\BOOKMARK [2][-]{subsection.5.6}{FFT}{section.5}% 67
\BOOKMARK [3][-]{subsubsection.5.6.1}{FFT.cpp}{subsection.5.6}% 68
\BOOKMARK [3][-]{subsubsection.5.6.2}{kuangbin.cpp}{subsection.5.6}% 69
\BOOKMARK [3][-]{subsubsection.5.6.3}{lrj.cpp}{subsection.5.6}% 70
\BOOKMARK [2][-]{subsection.5.7}{Lagrange-poly}{section.5}% 71
\BOOKMARK [3][-]{subsubsection.5.7.1}{template.cpp}{subsection.5.7}% 72
\BOOKMARK [2][-]{subsection.5.8}{三分.cpp}{section.5}% 73
\BOOKMARK [2][-]{subsection.5.9}{博弈}{section.5}% 74
\BOOKMARK [3][-]{subsubsection.5.9.1}{2.威佐夫博弈.cpp}{subsection.5.9}% 75
\BOOKMARK [3][-]{subsubsection.5.9.2}{3 Nim 积.cpp}{subsection.5.9}% 76
\BOOKMARK [3][-]{subsubsection.5.9.3}{4 K倍动态减法.cpp}{subsection.5.9}% 77
\BOOKMARK [3][-]{subsubsection.5.9.4}{5 海盗分金问题.cpp}{subsection.5.9}% 78
\BOOKMARK [3][-]{subsubsection.5.9.5}{6\040Green\040Hackbush.cpp}{subsection.5.9}% 79
\BOOKMARK [3][-]{subsubsection.5.9.6}{7 反nim 博弈.cpp}{subsection.5.9}% 80
\BOOKMARK [3][-]{subsubsection.5.9.7}{8 超自然数.cpp}{subsection.5.9}% 81
\BOOKMARK [2][-]{subsection.5.10}{数论}{section.5}% 82
\BOOKMARK [3][-]{subsubsection.5.10.1}{1 加法.cpp}{subsection.5.10}% 83
\BOOKMARK [3][-]{subsubsection.5.10.2}{1 逆元.cpp}{subsection.5.10}% 84
\BOOKMARK [3][-]{subsubsection.5.10.3}{2 减法.cpp}{subsection.5.10}% 85
\BOOKMARK [3][-]{subsubsection.5.10.4}{3 乘法.cpp}{subsection.5.10}% 86
\BOOKMARK [3][-]{subsubsection.5.10.5}{4 除法.cpp}{subsection.5.10}% 87
\BOOKMARK [3][-]{subsubsection.5.10.6}{5.蒙哥马利快速模.cpp}{subsection.5.10}% 88
\BOOKMARK [3][-]{subsubsection.5.10.7}{Euler.cpp}{subsection.5.10}% 89
\BOOKMARK [3][-]{subsubsection.5.10.8}{lucas ，组合数.cpp}{subsection.5.10}% 90
\BOOKMARK [3][-]{subsubsection.5.10.9}{miller-rabin-Pollard-rho.cpp}{subsection.5.10}% 91
\BOOKMARK [3][-]{subsubsection.5.10.10}{分段求和.cpp}{subsection.5.10}% 92
\BOOKMARK [3][-]{subsubsection.5.10.11}{大数.cpp}{subsection.5.10}% 93
\BOOKMARK [3][-]{subsubsection.5.10.12}{快速数论变换.cpp}{subsection.5.10}% 94
\BOOKMARK [3][-]{subsubsection.5.10.13}{欧拉函数打表.cpp}{subsection.5.10}% 95
\BOOKMARK [3][-]{subsubsection.5.10.14}{欧拉筛和埃氏筛.cpp}{subsection.5.10}% 96
\BOOKMARK [3][-]{subsubsection.5.10.15}{素性检测.cpp}{subsection.5.10}% 97
\BOOKMARK [3][-]{subsubsection.5.10.16}{素数筛.cpp}{subsection.5.10}% 98
\BOOKMARK [3][-]{subsubsection.5.10.17}{逆元打表.cpp}{subsection.5.10}% 99
\BOOKMARK [2][-]{subsection.5.11}{矩阵快速幂.cpp}{section.5}% 100
\BOOKMARK [2][-]{subsection.5.12}{自适应辛普森积分.cpp}{section.5}% 101
\BOOKMARK [1][-]{section.6}{数据结构}{}% 102
\BOOKMARK [2][-]{subsection.6.1}{CDQ分治}{section.6}% 103
\BOOKMARK [3][-]{subsubsection.6.1.1}{CDQ分治.cpp}{subsection.6.1}% 104
\BOOKMARK [3][-]{subsubsection.6.1.2}{CDQ求动态逆序数.cpp}{subsection.6.1}% 105
\BOOKMARK [3][-]{subsubsection.6.1.3}{陌上花开CDQ三位偏序.cpp}{subsection.6.1}% 106
\BOOKMARK [2][-]{subsection.6.2}{fenkuai}{section.6}% 107
\BOOKMARK [3][-]{subsubsection.6.2.1}{区间修改区间查询.cpp}{subsection.6.2}% 108
\BOOKMARK [3][-]{subsubsection.6.2.2}{区间数的平方.cpp}{subsection.6.2}% 109
\BOOKMARK [3][-]{subsubsection.6.2.3}{在线查询区间众数.cpp}{subsection.6.2}% 110
\BOOKMARK [2][-]{subsection.6.3}{pbds}{section.6}% 111
\BOOKMARK [3][-]{subsubsection.6.3.1}{1 可合并优先队列.cpp}{subsection.6.3}% 112
\BOOKMARK [2][-]{subsection.6.4}{二叉搜索树}{section.6}% 113
\BOOKMARK [3][-]{subsubsection.6.4.1}{1 二叉树.cpp}{subsection.6.4}% 114
\BOOKMARK [3][-]{subsubsection.6.4.2}{2\040treap.cpp}{subsection.6.4}% 115
\BOOKMARK [3][-]{subsubsection.6.4.3}{3 伸展树.cpp}{subsection.6.4}% 116
\BOOKMARK [2][-]{subsection.6.5}{基础数据结构}{section.6}% 117
\BOOKMARK [3][-]{subsubsection.6.5.1}{堆.cpp}{subsection.6.5}% 118
\BOOKMARK [2][-]{subsection.6.6}{字符串}{section.6}% 119
\BOOKMARK [3][-]{subsubsection.6.6.1}{1 Trie\(前缀树\).cpp}{subsection.6.6}% 120
\BOOKMARK [3][-]{subsubsection.6.6.2}{2\040KMP.cpp}{subsection.6.6}% 121
\BOOKMARK [3][-]{subsubsection.6.6.3}{3 AC自动机.cpp}{subsection.6.6}% 122
\BOOKMARK [3][-]{subsubsection.6.6.4}{4 KMP-KMP变形.cpp}{subsection.6.6}% 123
\BOOKMARK [3][-]{subsubsection.6.6.5}{5 字符串hash.cpp}{subsection.6.6}% 124
\BOOKMARK [3][-]{subsubsection.6.6.6}{6 后缀数组.cpp}{subsection.6.6}% 125
\BOOKMARK [2][-]{subsection.6.7}{并查集}{section.6}% 126
\BOOKMARK [3][-]{subsubsection.6.7.1}{加权并查集+区间合并.cpp}{subsection.6.7}% 127
\BOOKMARK [3][-]{subsubsection.6.7.2}{并查集.cpp}{subsection.6.7}% 128
\BOOKMARK [2][-]{subsection.6.8}{树状数组}{section.6}% 129
\BOOKMARK [3][-]{subsubsection.6.8.1}{1 树状数组模板.cpp}{subsection.6.8}% 130
\BOOKMARK [3][-]{subsubsection.6.8.2}{2 区间出现两次的数的个数.cpp}{subsection.6.8}% 131
\BOOKMARK [2][-]{subsection.6.9}{线段树}{section.6}% 132
\BOOKMARK [3][-]{subsubsection.6.9.1}{1.区间更新区间查询.cpp}{subsection.6.9}% 133
\BOOKMARK [3][-]{subsubsection.6.9.2}{2 主席树求第k大.cpp}{subsection.6.9}% 134
\BOOKMARK [3][-]{subsubsection.6.9.3}{2 树套树求动态第k大.cpp}{subsection.6.9}% 135
\BOOKMARK [3][-]{subsubsection.6.9.4}{3 树套树求动态逆序数.cpp}{subsection.6.9}% 136
\BOOKMARK [3][-]{subsubsection.6.9.5}{4 李超树.cpp}{subsection.6.9}% 137
\BOOKMARK [3][-]{subsubsection.6.9.6}{5 线段树-区间最小乘积.cpp}{subsection.6.9}% 138
\BOOKMARK [3][-]{subsubsection.6.9.7}{6 区间加斐波那契数.cpp}{subsection.6.9}% 139
\BOOKMARK [3][-]{subsubsection.6.9.8}{7 区间加+区间乘.cpp}{subsection.6.9}% 140
\BOOKMARK [1][-]{section.7}{模拟}{}% 141
\BOOKMARK [2][-]{subsection.7.1}{1 日期.cpp}{section.7}% 142
